<?xml version="1.0" encoding="UTF-8"?>
<testng-results skipped="0" failed="0" ignored="0" total="1" passed="1">
  <reporter-output>
  </reporter-output>
  <suite name="Default suite" duration-ms="25753" started-at="2020-02-10T14:42:41Z" finished-at="2020-02-10T14:43:06Z">
    <groups>
    </groups>
    <test name="Default test" duration-ms="25753" started-at="2020-02-10T14:42:41Z" finished-at="2020-02-10T14:43:06Z">
      <class name="RegressionTestCase.Regression">
        <test-method status="PASS" signature="tc_01()[pri:0, instance:RegressionTestCase.Regression@482f8f11]" name="tc_01" duration-ms="25682" started-at="2020-02-10T14:42:41Z" finished-at="2020-02-10T14:43:06Z">
          <reporter-output>
          </reporter-output>
        </test-method> <!-- tc_01 -->
      </class> <!-- RegressionTestCase.Regression -->
    </test> <!-- Default test -->
  </suite> <!-- Default suite -->
</testng-results>
